<?xml version="1.0" encoding="UTF-8"?>
<testng-results skipped="0" failed="0" ignored="0" total="1" passed="1">
  <reporter-output>
  </reporter-output>
  <suite name="RegressionTest.TestCase" duration-ms="3176" started-at="2018-08-19T05:11:09Z" finished-at="2018-08-19T05:11:12Z">
    <groups>
    </groups>
    <test name="Command line test" duration-ms="3176" started-at="2018-08-19T05:11:09Z" finished-at="2018-08-19T05:11:12Z">
      <class name="RegressionTest.TestCase">
        <test-method status="PASS" signature="startreport()[pri:0, instance:RegressionTest.TestCase@bd4dc25]" name="startreport" is-config="true" duration-ms="1074" started-at="2018-08-19T05:11:09Z" finished-at="2018-08-19T05:11:10Z">
          <reporter-output>
          </reporter-output>
        </test-method> <!-- startreport -->
        <test-method status="PASS" signature="AppLaunch()[pri:0, instance:RegressionTest.TestCase@bd4dc25]" name="AppLaunch" duration-ms="22" started-at="2018-08-19T05:11:10Z" finished-at="2018-08-19T05:11:10Z">
          <reporter-output>
          </reporter-output>
        </test-method> <!-- AppLaunch -->
        <test-method status="PASS" signature="getResult(org.testng.ITestResult)[pri:0, instance:RegressionTest.TestCase@bd4dc25]" name="getResult" is-config="true" duration-ms="3" started-at="2018-08-19T05:11:10Z" finished-at="2018-08-19T05:11:10Z">
          <params>
            <param index="0">
              <value>
                <![CDATA[[TestResult name=AppLaunch status=SUCCESS method=TestCase.AppLaunch()[pri:0, instance:RegressionTest.TestCase@bd4dc25] output={null}]]]>
              </value>
            </param>
          </params>
          <reporter-output>
          </reporter-output>
        </test-method> <!-- getResult -->
        <test-method status="PASS" signature="endreport()[pri:0, instance:RegressionTest.TestCase@bd4dc25]" name="endreport" is-config="true" duration-ms="2025" started-at="2018-08-19T05:11:10Z" finished-at="2018-08-19T05:11:12Z">
          <reporter-output>
          </reporter-output>
        </test-method> <!-- endreport -->
      </class> <!-- RegressionTest.TestCase -->
    </test> <!-- Command line test -->
  </suite> <!-- RegressionTest.TestCase -->
</testng-results>
